Determining if the pthread_create exist failed with the following output:
Change Dir: /home/workspace/CMakeFiles/CMakeTmp

Run Build Command:"/usr/bin/make" "cmTC_b6625/fast"
/usr/bin/make -f CMakeFiles/cmTC_b6625.dir/build.make CMakeFiles/cmTC_b6625.dir/build
make[1]: Entering directory '/home/workspace/CMakeFiles/CMakeTmp'
Building C object CMakeFiles/cmTC_b6625.dir/CheckSymbolExists.c.o
/usr/bin/cc    -o CMakeFiles/cmTC_b6625.dir/CheckSymbolExists.c.o   -c /home/workspace/CMakeFiles/CMakeTmp/CheckSymbolExists.c
Linking C executable cmTC_b6625
/usr/local/bin/cmake -E cmake_link_script CMakeFiles/cmTC_b6625.dir/link.txt --verbose=1
/usr/bin/cc      CMakeFiles/cmTC_b6625.dir/CheckSymbolExists.c.o  -o cmTC_b6625 
CMakeFiles/cmTC_b6625.dir/CheckSymbolExists.c.o: In function `main':
CheckSymbolExists.c:(.text+0x1b): undefined reference to `pthread_create'
collect2: error: ld returned 1 exit status
CMakeFiles/cmTC_b6625.dir/build.make:86: recipe for target 'cmTC_b6625' failed
make[1]: *** [cmTC_b6625] Error 1
make[1]: Leaving directory '/home/workspace/CMakeFiles/CMakeTmp'
Makefile:121: recipe for target 'cmTC_b6625/fast' failed
make: *** [cmTC_b6625/fast] Error 2

File /home/workspace/CMakeFiles/CMakeTmp/CheckSymbolExists.c:
/* */
#include <pthread.h>

int main(int argc, char** argv)
{
  (void)argv;
#ifndef pthread_create
  return ((int*)(&pthread_create))[argc];
#else
  (void)argc;
  return 0;
#endif
}

Determining if the function pthread_create exists in the pthreads failed with the following output:
Change Dir: /home/workspace/CMakeFiles/CMakeTmp

Run Build Command:"/usr/bin/make" "cmTC_2efa7/fast"
/usr/bin/make -f CMakeFiles/cmTC_2efa7.dir/build.make CMakeFiles/cmTC_2efa7.dir/build
make[1]: Entering directory '/home/workspace/CMakeFiles/CMakeTmp'
Building C object CMakeFiles/cmTC_2efa7.dir/CheckFunctionExists.c.o
/usr/bin/cc   -DCHECK_FUNCTION_EXISTS=pthread_create   -o CMakeFiles/cmTC_2efa7.dir/CheckFunctionExists.c.o   -c /usr/local/share/cmake-3.13/Modules/CheckFunctionExists.c
Linking C executable cmTC_2efa7
/usr/local/bin/cmake -E cmake_link_script CMakeFiles/cmTC_2efa7.dir/link.txt --verbose=1
/usr/bin/cc  -DCHECK_FUNCTION_EXISTS=pthread_create    CMakeFiles/cmTC_2efa7.dir/CheckFunctionExists.c.o  -o cmTC_2efa7 -lpthreads 
/usr/bin/ld: cannot find -lpthreads
collect2: error: ld returned 1 exit status
CMakeFiles/cmTC_2efa7.dir/build.make:86: recipe for target 'cmTC_2efa7' failed
make[1]: *** [cmTC_2efa7] Error 1
make[1]: Leaving directory '/home/workspace/CMakeFiles/CMakeTmp'
Makefile:121: recipe for target 'cmTC_2efa7/fast' failed
make: *** [cmTC_2efa7/fast] Error 2


