Determining if the pthread_create exist failed with the following output:
Change Dir: /home/workspace/CMakeFiles/CMakeTmp

Run Build Command:"/usr/bin/make" "cmTC_f2093/fast"
/usr/bin/make -f CMakeFiles/cmTC_f2093.dir/build.make CMakeFiles/cmTC_f2093.dir/build
make[1]: Entering directory '/home/workspace/CMakeFiles/CMakeTmp'
Building C object CMakeFiles/cmTC_f2093.dir/CheckSymbolExists.c.o
/usr/bin/cc    -o CMakeFiles/cmTC_f2093.dir/CheckSymbolExists.c.o   -c /home/workspace/CMakeFiles/CMakeTmp/CheckSymbolExists.c
Linking C executable cmTC_f2093
/usr/local/bin/cmake -E cmake_link_script CMakeFiles/cmTC_f2093.dir/link.txt --verbose=1
/usr/bin/cc      CMakeFiles/cmTC_f2093.dir/CheckSymbolExists.c.o  -o cmTC_f2093 
CMakeFiles/cmTC_f2093.dir/CheckSymbolExists.c.o: In function `main':
CheckSymbolExists.c:(.text+0x1b): undefined reference to `pthread_create'
collect2: error: ld returned 1 exit status
CMakeFiles/cmTC_f2093.dir/build.make:86: recipe for target 'cmTC_f2093' failed
make[1]: *** [cmTC_f2093] Error 1
make[1]: Leaving directory '/home/workspace/CMakeFiles/CMakeTmp'
Makefile:121: recipe for target 'cmTC_f2093/fast' failed
make: *** [cmTC_f2093/fast] Error 2

File /home/workspace/CMakeFiles/CMakeTmp/CheckSymbolExists.c:
/* */
#include <pthread.h>

int main(int argc, char** argv)
{
  (void)argv;
#ifndef pthread_create
  return ((int*)(&pthread_create))[argc];
#else
  (void)argc;
  return 0;
#endif
}

Determining if the function pthread_create exists in the pthreads failed with the following output:
Change Dir: /home/workspace/CMakeFiles/CMakeTmp

Run Build Command:"/usr/bin/make" "cmTC_53276/fast"
/usr/bin/make -f CMakeFiles/cmTC_53276.dir/build.make CMakeFiles/cmTC_53276.dir/build
make[1]: Entering directory '/home/workspace/CMakeFiles/CMakeTmp'
Building C object CMakeFiles/cmTC_53276.dir/CheckFunctionExists.c.o
/usr/bin/cc   -DCHECK_FUNCTION_EXISTS=pthread_create   -o CMakeFiles/cmTC_53276.dir/CheckFunctionExists.c.o   -c /usr/local/share/cmake-3.13/Modules/CheckFunctionExists.c
Linking C executable cmTC_53276
/usr/local/bin/cmake -E cmake_link_script CMakeFiles/cmTC_53276.dir/link.txt --verbose=1
/usr/bin/cc  -DCHECK_FUNCTION_EXISTS=pthread_create    CMakeFiles/cmTC_53276.dir/CheckFunctionExists.c.o  -o cmTC_53276 -lpthreads 
/usr/bin/ld: cannot find -lpthreads
collect2: error: ld returned 1 exit status
CMakeFiles/cmTC_53276.dir/build.make:86: recipe for target 'cmTC_53276' failed
make[1]: *** [cmTC_53276] Error 1
make[1]: Leaving directory '/home/workspace/CMakeFiles/CMakeTmp'
Makefile:121: recipe for target 'cmTC_53276/fast' failed
make: *** [cmTC_53276/fast] Error 2


