Determining if the pthread_create exist failed with the following output:
Change Dir: /home/workspace/CMakeFiles/CMakeTmp

Run Build Command:"/usr/bin/make" "cmTC_9de16/fast"
/usr/bin/make -f CMakeFiles/cmTC_9de16.dir/build.make CMakeFiles/cmTC_9de16.dir/build
make[1]: Entering directory '/home/workspace/CMakeFiles/CMakeTmp'
Building C object CMakeFiles/cmTC_9de16.dir/CheckSymbolExists.c.o
/usr/bin/cc    -o CMakeFiles/cmTC_9de16.dir/CheckSymbolExists.c.o   -c /home/workspace/CMakeFiles/CMakeTmp/CheckSymbolExists.c
Linking C executable cmTC_9de16
/usr/local/bin/cmake -E cmake_link_script CMakeFiles/cmTC_9de16.dir/link.txt --verbose=1
/usr/bin/cc      CMakeFiles/cmTC_9de16.dir/CheckSymbolExists.c.o  -o cmTC_9de16 
CMakeFiles/cmTC_9de16.dir/CheckSymbolExists.c.o: In function `main':
CheckSymbolExists.c:(.text+0x1b): undefined reference to `pthread_create'
collect2: error: ld returned 1 exit status
CMakeFiles/cmTC_9de16.dir/build.make:86: recipe for target 'cmTC_9de16' failed
make[1]: *** [cmTC_9de16] Error 1
make[1]: Leaving directory '/home/workspace/CMakeFiles/CMakeTmp'
Makefile:121: recipe for target 'cmTC_9de16/fast' failed
make: *** [cmTC_9de16/fast] Error 2

File /home/workspace/CMakeFiles/CMakeTmp/CheckSymbolExists.c:
/* */
#include <pthread.h>

int main(int argc, char** argv)
{
  (void)argv;
#ifndef pthread_create
  return ((int*)(&pthread_create))[argc];
#else
  (void)argc;
  return 0;
#endif
}

Determining if the function pthread_create exists in the pthreads failed with the following output:
Change Dir: /home/workspace/CMakeFiles/CMakeTmp

Run Build Command:"/usr/bin/make" "cmTC_26c93/fast"
/usr/bin/make -f CMakeFiles/cmTC_26c93.dir/build.make CMakeFiles/cmTC_26c93.dir/build
make[1]: Entering directory '/home/workspace/CMakeFiles/CMakeTmp'
Building C object CMakeFiles/cmTC_26c93.dir/CheckFunctionExists.c.o
/usr/bin/cc   -DCHECK_FUNCTION_EXISTS=pthread_create   -o CMakeFiles/cmTC_26c93.dir/CheckFunctionExists.c.o   -c /usr/local/share/cmake-3.13/Modules/CheckFunctionExists.c
Linking C executable cmTC_26c93
/usr/local/bin/cmake -E cmake_link_script CMakeFiles/cmTC_26c93.dir/link.txt --verbose=1
/usr/bin/cc  -DCHECK_FUNCTION_EXISTS=pthread_create    CMakeFiles/cmTC_26c93.dir/CheckFunctionExists.c.o  -o cmTC_26c93 -lpthreads 
/usr/bin/ld: cannot find -lpthreads
collect2: error: ld returned 1 exit status
CMakeFiles/cmTC_26c93.dir/build.make:86: recipe for target 'cmTC_26c93' failed
make[1]: *** [cmTC_26c93] Error 1
make[1]: Leaving directory '/home/workspace/CMakeFiles/CMakeTmp'
Makefile:121: recipe for target 'cmTC_26c93/fast' failed
make: *** [cmTC_26c93/fast] Error 2


